<?xml version="1.0" encoding="UTF-8"?>
<testng-results skipped="0" failed="0" ignored="0" total="1" passed="1">
  <reporter-output>
  </reporter-output>
  <suite name="Default suite" duration-ms="31116" started-at="2019-06-22T18:43:59Z" finished-at="2019-06-22T18:44:30Z">
    <groups>
    </groups>
    <test name="Default test" duration-ms="31116" started-at="2019-06-22T18:43:59Z" finished-at="2019-06-22T18:44:30Z">
      <class name="randomHandling.CaptchaHandling">
        <test-method status="PASS" signature="setUp()[pri:0, instance:randomHandling.CaptchaHandling@29138d3a]" name="setUp" is-config="true" duration-ms="6632" started-at="2019-06-22T18:43:59Z" finished-at="2019-06-22T18:44:06Z">
          <reporter-output>
          </reporter-output>
        </test-method> <!-- setUp -->
        <test-method status="PASS" signature="captchaTest()[pri:0, instance:randomHandling.CaptchaHandling@29138d3a]" name="captchaTest" duration-ms="24317" started-at="2019-06-22T18:44:06Z" finished-at="2019-06-22T18:44:30Z">
          <reporter-output>
          </reporter-output>
        </test-method> <!-- captchaTest -->
        <test-method status="PASS" signature="tearDown()[pri:0, instance:randomHandling.CaptchaHandling@29138d3a]" name="tearDown" is-config="true" duration-ms="95" started-at="2019-06-22T18:44:30Z" finished-at="2019-06-22T18:44:30Z">
          <reporter-output>
          </reporter-output>
        </test-method> <!-- tearDown -->
      </class> <!-- randomHandling.CaptchaHandling -->
    </test> <!-- Default test -->
  </suite> <!-- Default suite -->
</testng-results>
